<?xml version="1.0" encoding="UTF-8"?>
<testng-results skipped="0" failed="0" total="4" passed="4">
  <reporter-output>
  </reporter-output>
  <suite name="Suite Demo" duration-ms="16203" started-at="2012-09-27T14:54:49Z" finished-at="2012-09-27T14:55:05Z">
    <groups>
      <group name="slow">
        <method signature="org.vv.testng.SimpleTest.aSlowTest()" name="aSlowTest" class="org.vv.testng.SimpleTest"/>
        <method signature="org.vv.testng.SimpleTest2.aSlowTest2()" name="aSlowTest2" class="org.vv.testng.SimpleTest2"/>
      </group>
      <group name="fast">
        <method signature="org.vv.testng.SimpleTest.aFastTest()" name="aFastTest" class="org.vv.testng.SimpleTest"/>
        <method signature="org.vv.testng.SimpleTest2.aFastTest2()" name="aFastTest2" class="org.vv.testng.SimpleTest2"/>
      </group>
    </groups>
    <test name="Test Demo" duration-ms="16203" started-at="2012-09-27T14:54:49Z" finished-at="2012-09-27T14:55:05Z">
      <class name="org.vv.testng.SimpleTest2">
        <test-method status="PASS" signature="aFastTest2()" name="aFastTest2" duration-ms="3000" started-at="2012-09-27T14:55:01Z" finished-at="2012-09-27T14:55:04Z">
        </test-method>
        <test-method status="PASS" signature="aSlowTest2()" name="aSlowTest2" duration-ms="1000" started-at="2012-09-27T14:55:04Z" finished-at="2012-09-27T14:55:05Z">
        </test-method>
      </class>
      <class name="org.vv.testng.SimpleTest">
        <test-method status="PASS" signature="setUp()" name="setUp" is-config="true" duration-ms="1000" started-at="2012-09-27T14:54:47Z" finished-at="2012-09-27T14:54:48Z">
        </test-method>
        <test-method status="PASS" signature="setUp2()" name="setUp2" is-config="true" duration-ms="1000" started-at="2012-09-27T14:54:48Z" finished-at="2012-09-27T14:54:49Z">
        </test-method>
        <test-method status="PASS" signature="aFastTest()" name="aFastTest" duration-ms="4000" started-at="2012-09-27T14:54:49Z" finished-at="2012-09-27T14:54:53Z">
        </test-method>
        <test-method status="PASS" signature="aSlowTest()" name="aSlowTest" duration-ms="7999" started-at="2012-09-27T14:54:53Z" finished-at="2012-09-27T14:55:01Z">
        </test-method>
      </class>
    </test>
  </suite>
</testng-results>
