<html xmlns:math="http://exslt.org/math" xmlns:testng="http://testng.org">
   <head>
      <title>TestNG Results</title>
      <meta http-equiv="content-type" content="text/html; charset=utf-8"></meta>
      <meta http-equiv="pragma" content="no-cache"></meta>
      <meta http-equiv="cache-control" content="max-age=0"></meta>
      <meta http-equiv="cache-control" content="no-cache"></meta>
      <meta http-equiv="cache-control" content="no-store"></meta>
      <LINK rel="stylesheet" href="style.css"></LINK>
      <script type="text/javascript" src="main.js"></script>
   </head>
   <body>
      <table width="100%" style="font-size: 16px; margin-bottom: 10px;" cellspacing="1">
         <tr>
            <td width="100%">
               Test case
               
               <b>AvmSelect Valuation Products Test</b>
            </td>
            <td style="background-color: #FFBBBB; padding: 3px 3px 3px 0;" align="center">
               <div style="width: 50px;">1</div>
            </td>
            <td style="background-color: lightgreen; padding: 3px 3px 3px 0;" align="center">
               <div style="width: 50px;">0</div>
            </td>
            <td style="background-color: #FFFFBB; padding: 3px 3px 3px 0;" align="center">
               <div style="width: 50px;">0</div>
            </td>
            <td align="center" style="background-color: #eaf0f7; padding: 3px 3px 3px 0;">
               <div style="width: 50px;">1</div>
            </td>
            <td align="center"
                style="font-weight: bold; background-color: #eaf0f7; padding: 3px 3px 3px 0;">
               <div style="width: 50px;">0%</div>
            </td>
         </tr>
      </table>
      <div style="width: 200px;">
         <label for="groupMethodsCheckBox" style="font-weight: bold; margin: 0;">
            <input id="groupMethodsCheckBox" type="checkbox" onclick="switchTestMethodsView(this)"></input>
            Group by class
            
         </label>
         <br></br>
         <label for="methodsFilter_ALL" style="font-weight: bold; margin: 0;">
            <input id="methodsFilter_ALL" type="checkbox"
                   onclick="testMethodsFilterChanged(this, 'ALL')"></input>
            All
            
         </label>
      </div>
      <label for="methodsFilter_FAIL" style="margin-left: 20px;">
         <input id="methodsFilter_FAIL" type="checkbox"
                onclick="testMethodsFilterChanged(this, 'FAIL')"
                checked=""></input>
         Failed
         
      </label>
      <label for="methodsFilter_PASS">
         <input id="methodsFilter_PASS" type="checkbox"
                onclick="testMethodsFilterChanged(this, 'PASS')"
                checked=""></input>
         Passed
         
      </label>
      <label for="methodsFilter_SKIP">
         <input id="methodsFilter_SKIP" type="checkbox"
                onclick="testMethodsFilterChanged(this, 'SKIP')"
                checked=""></input>
         Skipped
         
      </label>
      <label for="methodsFilter_CONF">
         <input id="methodsFilter_CONF" type="checkbox"
                onclick="testMethodsFilterChanged(this, 'CONF')"></input>
         Config
         
      </label>
      <br></br>
      <div id="testMethodsByStatus">
         <table class="testMethodsTable" cellpadding="0" cellspacing="0">
            <tr class="methodsTableHeader">
               <td width="100%">Name</td>
               <td nowrap="true">Started</td>
               <td nowrap="true">Duration</td>
               <td>Exception</td>
            </tr>
            <tr id="com.facl.uaf.core.main.ExecuteTest_executeTestScenario_byStatus_failed_FAIL1_row"
                class="testMethodStatusFAIL">
               <td width="100%" class="firstMethodCell">
                  <a onclick="toggleDetailsVisibility('com.facl.uaf.core.main.ExecuteTest_executeTestScenario_byStatus_failed_FAIL1_details')">executeTestScenario([[AvmSelectLogin, demoloansafe2], [AvmSelectEnhancedEntry, ADDRESS|202 hartnell pl;ZIP|95825;ESTIMATE|250000,
                     PRIMARY_SSN|076-84-9627;PRIMARY_FNAME|Michael;PRIMARY_LNAME|ABACOMMON, , DATA|LoanSafe 2.0], [VerifyReport, DATA|LoanSafe
                     2.0, UserEntry|OrderNo], [Logout]])
                  </a>
               </td>
               <td nowrap="true">11:22:22</td>
               <td nowrap="true" align="right">2m
                  58s
                  
               </td>
               <td nowrap="true">
                  <a onclick="toggleDetailsVisibility('com.facl.uaf.core.main.ExecuteTest_executeTestScenario_byStatus_failed_FAIL1_exception')">java.lang.AssertionError: 
                     VerifyReport - expected:&lt;null&gt; but was:&lt;T30000012E0E20C6C55CB7&gt; Bitmap:&lt;&lt;Bitmaps\2_10_11_11-25-06_AM.png&gt;&gt;
                     
                  </a>
                   
                  
               </td>
            </tr>
            <tr>
               <td colspan="4" class="detailsBox">
                  <div id="com.facl.uaf.core.main.ExecuteTest_executeTestScenario_byStatus_failed_FAIL1_details"
                       class="testMethodDetails">
                     <div>
                        <b>Name: </b>executeTestScenario
                     </div>
                     <div>
                        <b>Signature: </b>executeTestScenario(java.util.List)
                     </div>
                     <div>
                        <b>Parameters: </b>
                        
                        [[AvmSelectLogin, demoloansafe2], [AvmSelectEnhancedEntry, ADDRESS|202 hartnell pl;ZIP|95825;ESTIMATE|250000, PRIMARY_SSN|076-84-9627;PRIMARY_FNAME|Michael;PRIMARY_LNAME|ABACOMMON,
                        , DATA|LoanSafe 2.0], [VerifyReport, DATA|LoanSafe 2.0, UserEntry|OrderNo], [Logout]]
                        
                        
                     </div>
                     <div>
                        <b>Start time: </b>11:22:22
                     </div>
                     <div>
                        <b>End time: </b>11:25:20
                     </div>
                     <div>
                        <b>Duration: </b>2m
                        58s
                        
                     </div>
                  </div>
               </td>
            </tr>
            <tr>
               <td colspan="4" class="detailsBox">
                  <div id="com.facl.uaf.core.main.ExecuteTest_executeTestScenario_byStatus_failed_FAIL1_exception"
                       class="testMethodDetails">
                     <pre style="padding: 5px; margin: 0;">java.lang.AssertionError: VerifyReport - expected:&lt;null&gt; but was:&lt;T30000012E0E20C6C55CB7&gt; Bitmap:&lt;&lt;Bitmaps\2_10_11_11-25-06_AM.png&gt;&gt;
                        	at org.testng.Assert.fail(Assert.java:86)
                        	at com.facl.uaf.core.main.ExecuteTest.handleFailure(ExecuteTest.java:422)
                        	at com.facl.uaf.core.main.ExecuteTest.invokeTestMethod(ExecuteTest.java:215)
                        	at com.facl.uaf.core.main.ExecuteTest.executeTestScenario(ExecuteTest.java:81)
                        	at sun.reflect.NativeMethodAccessorImpl.invoke0(Native Method)
                        	at sun.reflect.NativeMethodAccessorImpl.invoke(NativeMethodAccessorImpl.java:39)
                        	at sun.reflect.DelegatingMethodAccessorImpl.invoke(DelegatingMethodAccessorImpl.java:25)
                        	at java.lang.reflect.Method.invoke(Method.java:597)
                        	at org.testng.internal.MethodHelper.invokeMethod(MethodHelper.java:609)
                        	at org.testng.internal.Invoker.invokeMethod(Invoker.java:532)
                        	at org.testng.internal.Invoker.invokeTestMethod(Invoker.java:686)
                        	at org.testng.internal.Invoker.invokeTestMethods(Invoker.java:1018)
                        	at org.testng.internal.TestMethodWorker.invokeTestMethods(TestMethodWorker.java:128)
                        	at org.testng.internal.TestMethodWorker.run(TestMethodWorker.java:112)
                        	at org.testng.TestRunner.runWorkers(TestRunner.java:759)
                        	at org.testng.TestRunner.privateRun(TestRunner.java:592)
                        	at org.testng.TestRunner.run(TestRunner.java:486)
                        	at org.testng.SuiteRunner.runTest(SuiteRunner.java:332)
                        	at org.testng.SuiteRunner.runSequentially(SuiteRunner.java:327)
                        	at org.testng.SuiteRunner.privateRun(SuiteRunner.java:299)
                        	at org.testng.SuiteRunner.run(SuiteRunner.java:204)
                        	at org.testng.TestNG.createAndRunSuiteRunners(TestNG.java:912)
                        	at org.testng.TestNG.runSuitesLocally(TestNG.java:876)
                        	at org.testng.TestNG.run(TestNG.java:784)
                        	at com.facl.uaf.core.main.MainDriver.mainTestDriver(MainDriver.java:199)
                        	at com.facl.uaf.asap.core.TestRunner.test(TestRunner.java:62)
                        	at sun.reflect.NativeMethodAccessorImpl.invoke0(Native Method)
                        	at sun.reflect.NativeMethodAccessorImpl.invoke(NativeMethodAccessorImpl.java:39)
                        	at sun.reflect.DelegatingMethodAccessorImpl.invoke(DelegatingMethodAccessorImpl.java:25)
                        	at java.lang.reflect.Method.invoke(Method.java:597)
                        	at org.testng.internal.MethodHelper.invokeMethod(MethodHelper.java:609)
                        	at org.testng.internal.Invoker.invokeConfigurationMethod(Invoker.java:421)
                        	at org.testng.internal.Invoker.invokeConfigurations(Invoker.java:158)
                        	at org.testng.internal.Invoker.invokeConfigurations(Invoker.java:89)
                        	at org.testng.SuiteRunner.privateRun(SuiteRunner.java:284)
                        	at org.testng.SuiteRunner.run(SuiteRunner.java:204)
                        	at org.testng.TestNG.createAndRunSuiteRunners(TestNG.java:912)
                        	at org.testng.TestNG.runSuitesLocally(TestNG.java:876)
                        	at org.testng.TestNG.run(TestNG.java:784)
                        	at org.apache.maven.surefire.testng.TestNGExecutor.run(TestNGExecutor.java:64)
                        	at org.apache.maven.surefire.testng.TestNGDirectoryTestSuite.execute(TestNGDirectoryTestSuite.java:136)
                        	at org.apache.maven.surefire.Surefire.run(Surefire.java:177)
                        	at sun.reflect.NativeMethodAccessorImpl.invoke0(Native Method)
                        	at sun.reflect.NativeMethodAccessorImpl.invoke(NativeMethodAccessorImpl.java:39)
                        	at sun.reflect.DelegatingMethodAccessorImpl.invoke(DelegatingMethodAccessorImpl.java:25)
                        	at java.lang.reflect.Method.invoke(Method.java:597)
                        	at org.apache.maven.surefire.booter.SurefireBooter.runSuitesInProcess(SurefireBooter.java:334)
                        	at org.apache.maven.surefire.booter.SurefireBooter.main(SurefireBooter.java:980)
                     </pre>
                  </div>
               </td>
            </tr>
            <tr id="com.facl.uaf.core.main.ExecuteTest_setup_byStatus_passed_PASS1_row"
                class="testMethodStatusPASS testMethodStatusCONF">
               <td width="100%" class="firstMethodCell">
                  <a onclick="toggleDetailsVisibility('com.facl.uaf.core.main.ExecuteTest_setup_byStatus_passed_PASS1_details')">setup(,
                     
                     
                     
                     ,
                     
                     
                     
                     ,
                     
                     
                     
                     ,
                     
                     
                     
                     ,
                     
                     org.testng.TestRunner@530cf2)
                  </a>
               </td>
               <td nowrap="true">11:22:10</td>
               <td nowrap="true" align="right">12s
                  
               </td>
               <td nowrap="true">
                   
                  
               </td>
            </tr>
            <tr>
               <td colspan="4" class="detailsBox">
                  <div id="com.facl.uaf.core.main.ExecuteTest_setup_byStatus_passed_PASS1_details"
                       class="testMethodDetails">
                     <div>
                        <b>Name: </b>setup
                     </div>
                     <div>
                        <b>Description: </b>setup method before running tests
                     </div>
                     <div>
                        <b>Signature: </b>setup(java.lang.String, java.lang.String, java.lang.String, java.lang.String, java.lang.String, org.testng.ITestContext)
                     </div>
                     <div>
                        <b>Parameters: </b>
                        
                        
                        
                        ,
                        
                        
                        
                        ,
                        
                        
                        
                        ,
                        
                        
                        
                        ,
                        
                        
                        
                        ,
                        
                        org.testng.TestRunner@530cf2
                        
                        
                     </div>
                     <div>
                        <b>Start time: </b>11:22:10
                     </div>
                     <div>
                        <b>End time: </b>11:22:22
                     </div>
                     <div>
                        <b>Duration: </b>12s
                        
                     </div>
                  </div>
               </td>
            </tr>
            <tr></tr>
            <tr id="com.facl.uaf.core.main.ExecuteTest_tearDown_byStatus_passed_PASS2_row"
                class="testMethodStatusPASS testMethodStatusCONF">
               <td width="100%" class="firstMethodCell">
                  <a onclick="toggleDetailsVisibility('com.facl.uaf.core.main.ExecuteTest_tearDown_byStatus_passed_PASS2_details')">tearDown()</a>
               </td>
               <td nowrap="true">11:25:20</td>
               <td nowrap="true" align="right">437 ms
                  
               </td>
               <td nowrap="true">
                   
                  
               </td>
            </tr>
            <tr>
               <td colspan="4" class="detailsBox">
                  <div id="com.facl.uaf.core.main.ExecuteTest_tearDown_byStatus_passed_PASS2_details"
                       class="testMethodDetails">
                     <div>
                        <b>Name: </b>tearDown
                     </div>
                     <div>
                        <b>Description: </b>Tear down method to clean up the session after the tests are completed.
                     </div>
                     <div>
                        <b>Signature: </b>tearDown()
                     </div>
                     <div>
                        <b>Start time: </b>11:25:20
                     </div>
                     <div>
                        <b>End time: </b>11:25:21
                     </div>
                     <div>
                        <b>Duration: </b>437 ms
                        
                     </div>
                  </div>
               </td>
            </tr>
            <tr></tr>
         </table>
      </div>
      <div id="testMethodsByClass" style="display: none;">
         <table class="testMethodsTable" cellpadding="0" cellspacing="0">
            <tr>
               <td colspan="4">
                  <h3 style="display: inline;">com.facl.uaf.core.main.ExecuteTest</h3>
               </td>
            </tr>
            <tr class="methodsTableHeader">
               <td width="100%">Name</td>
               <td nowrap="true">Started</td>
               <td nowrap="true">Duration</td>
               <td>Exception</td>
            </tr>
            <tr id="com.facl.uaf.core.main.ExecuteTest_setup_byClass_PASS1_row"
                class="testMethodStatusPASS testMethodStatusCONF">
               <td width="100%" class="firstMethodCell">
                  <a onclick="toggleDetailsVisibility('com.facl.uaf.core.main.ExecuteTest_setup_byClass_PASS1_details')">setup(,
                     
                     
                     
                     ,
                     
                     
                     
                     ,
                     
                     
                     
                     ,
                     
                     
                     
                     ,
                     
                     org.testng.TestRunner@530cf2)
                  </a>
               </td>
               <td nowrap="true">11:22:10</td>
               <td nowrap="true" align="right">12s
                  
               </td>
               <td nowrap="true">
                   
                  
               </td>
            </tr>
            <tr>
               <td colspan="4" class="detailsBox">
                  <div id="com.facl.uaf.core.main.ExecuteTest_setup_byClass_PASS1_details"
                       class="testMethodDetails">
                     <div>
                        <b>Name: </b>setup
                     </div>
                     <div>
                        <b>Description: </b>setup method before running tests
                     </div>
                     <div>
                        <b>Signature: </b>setup(java.lang.String, java.lang.String, java.lang.String, java.lang.String, java.lang.String, org.testng.ITestContext)
                     </div>
                     <div>
                        <b>Parameters: </b>
                        
                        
                        
                        ,
                        
                        
                        
                        ,
                        
                        
                        
                        ,
                        
                        
                        
                        ,
                        
                        
                        
                        ,
                        
                        org.testng.TestRunner@530cf2
                        
                        
                     </div>
                     <div>
                        <b>Start time: </b>11:22:10
                     </div>
                     <div>
                        <b>End time: </b>11:22:22
                     </div>
                     <div>
                        <b>Duration: </b>12s
                        
                     </div>
                  </div>
               </td>
            </tr>
            <tr></tr>
            <tr id="com.facl.uaf.core.main.ExecuteTest_executeTestScenario_byClass_FAIL2_row"
                class="testMethodStatusFAIL">
               <td width="100%" class="firstMethodCell">
                  <a onclick="toggleDetailsVisibility('com.facl.uaf.core.main.ExecuteTest_executeTestScenario_byClass_FAIL2_details')">executeTestScenario([[AvmSelectLogin, demoloansafe2], [AvmSelectEnhancedEntry, ADDRESS|202 hartnell pl;ZIP|95825;ESTIMATE|250000,
                     PRIMARY_SSN|076-84-9627;PRIMARY_FNAME|Michael;PRIMARY_LNAME|ABACOMMON, , DATA|LoanSafe 2.0], [VerifyReport, DATA|LoanSafe
                     2.0, UserEntry|OrderNo], [Logout]])
                  </a>
               </td>
               <td nowrap="true">11:22:22</td>
               <td nowrap="true" align="right">2m
                  58s
                  
               </td>
               <td nowrap="true">
                  <a onclick="toggleDetailsVisibility('com.facl.uaf.core.main.ExecuteTest_executeTestScenario_byClass_FAIL2_exception')">java.lang.AssertionError: 
                     VerifyReport - expected:&lt;null&gt; but was:&lt;T30000012E0E20C6C55CB7&gt; Bitmap:&lt;&lt;Bitmaps\2_10_11_11-25-06_AM.png&gt;&gt;
                     
                  </a>
                   
                  
               </td>
            </tr>
            <tr>
               <td colspan="4" class="detailsBox">
                  <div id="com.facl.uaf.core.main.ExecuteTest_executeTestScenario_byClass_FAIL2_details"
                       class="testMethodDetails">
                     <div>
                        <b>Name: </b>executeTestScenario
                     </div>
                     <div>
                        <b>Signature: </b>executeTestScenario(java.util.List)
                     </div>
                     <div>
                        <b>Parameters: </b>
                        
                        [[AvmSelectLogin, demoloansafe2], [AvmSelectEnhancedEntry, ADDRESS|202 hartnell pl;ZIP|95825;ESTIMATE|250000, PRIMARY_SSN|076-84-9627;PRIMARY_FNAME|Michael;PRIMARY_LNAME|ABACOMMON,
                        , DATA|LoanSafe 2.0], [VerifyReport, DATA|LoanSafe 2.0, UserEntry|OrderNo], [Logout]]
                        
                        
                     </div>
                     <div>
                        <b>Start time: </b>11:22:22
                     </div>
                     <div>
                        <b>End time: </b>11:25:20
                     </div>
                     <div>
                        <b>Duration: </b>2m
                        58s
                        
                     </div>
                  </div>
               </td>
            </tr>
            <tr>
               <td colspan="4" class="detailsBox">
                  <div id="com.facl.uaf.core.main.ExecuteTest_executeTestScenario_byClass_FAIL2_exception"
                       class="testMethodDetails">
                     <pre style="padding: 5px; margin: 0;">java.lang.AssertionError: VerifyReport - expected:&lt;null&gt; but was:&lt;T30000012E0E20C6C55CB7&gt; Bitmap:&lt;&lt;Bitmaps\2_10_11_11-25-06_AM.png&gt;&gt;
                        	at org.testng.Assert.fail(Assert.java:86)
                        	at com.facl.uaf.core.main.ExecuteTest.handleFailure(ExecuteTest.java:422)
                        	at com.facl.uaf.core.main.ExecuteTest.invokeTestMethod(ExecuteTest.java:215)
                        	at com.facl.uaf.core.main.ExecuteTest.executeTestScenario(ExecuteTest.java:81)
                        	at sun.reflect.NativeMethodAccessorImpl.invoke0(Native Method)
                        	at sun.reflect.NativeMethodAccessorImpl.invoke(NativeMethodAccessorImpl.java:39)
                        	at sun.reflect.DelegatingMethodAccessorImpl.invoke(DelegatingMethodAccessorImpl.java:25)
                        	at java.lang.reflect.Method.invoke(Method.java:597)
                        	at org.testng.internal.MethodHelper.invokeMethod(MethodHelper.java:609)
                        	at org.testng.internal.Invoker.invokeMethod(Invoker.java:532)
                        	at org.testng.internal.Invoker.invokeTestMethod(Invoker.java:686)
                        	at org.testng.internal.Invoker.invokeTestMethods(Invoker.java:1018)
                        	at org.testng.internal.TestMethodWorker.invokeTestMethods(TestMethodWorker.java:128)
                        	at org.testng.internal.TestMethodWorker.run(TestMethodWorker.java:112)
                        	at org.testng.TestRunner.runWorkers(TestRunner.java:759)
                        	at org.testng.TestRunner.privateRun(TestRunner.java:592)
                        	at org.testng.TestRunner.run(TestRunner.java:486)
                        	at org.testng.SuiteRunner.runTest(SuiteRunner.java:332)
                        	at org.testng.SuiteRunner.runSequentially(SuiteRunner.java:327)
                        	at org.testng.SuiteRunner.privateRun(SuiteRunner.java:299)
                        	at org.testng.SuiteRunner.run(SuiteRunner.java:204)
                        	at org.testng.TestNG.createAndRunSuiteRunners(TestNG.java:912)
                        	at org.testng.TestNG.runSuitesLocally(TestNG.java:876)
                        	at org.testng.TestNG.run(TestNG.java:784)
                        	at com.facl.uaf.core.main.MainDriver.mainTestDriver(MainDriver.java:199)
                        	at com.facl.uaf.asap.core.TestRunner.test(TestRunner.java:62)
                        	at sun.reflect.NativeMethodAccessorImpl.invoke0(Native Method)
                        	at sun.reflect.NativeMethodAccessorImpl.invoke(NativeMethodAccessorImpl.java:39)
                        	at sun.reflect.DelegatingMethodAccessorImpl.invoke(DelegatingMethodAccessorImpl.java:25)
                        	at java.lang.reflect.Method.invoke(Method.java:597)
                        	at org.testng.internal.MethodHelper.invokeMethod(MethodHelper.java:609)
                        	at org.testng.internal.Invoker.invokeConfigurationMethod(Invoker.java:421)
                        	at org.testng.internal.Invoker.invokeConfigurations(Invoker.java:158)
                        	at org.testng.internal.Invoker.invokeConfigurations(Invoker.java:89)
                        	at org.testng.SuiteRunner.privateRun(SuiteRunner.java:284)
                        	at org.testng.SuiteRunner.run(SuiteRunner.java:204)
                        	at org.testng.TestNG.createAndRunSuiteRunners(TestNG.java:912)
                        	at org.testng.TestNG.runSuitesLocally(TestNG.java:876)
                        	at org.testng.TestNG.run(TestNG.java:784)
                        	at org.apache.maven.surefire.testng.TestNGExecutor.run(TestNGExecutor.java:64)
                        	at org.apache.maven.surefire.testng.TestNGDirectoryTestSuite.execute(TestNGDirectoryTestSuite.java:136)
                        	at org.apache.maven.surefire.Surefire.run(Surefire.java:177)
                        	at sun.reflect.NativeMethodAccessorImpl.invoke0(Native Method)
                        	at sun.reflect.NativeMethodAccessorImpl.invoke(NativeMethodAccessorImpl.java:39)
                        	at sun.reflect.DelegatingMethodAccessorImpl.invoke(DelegatingMethodAccessorImpl.java:25)
                        	at java.lang.reflect.Method.invoke(Method.java:597)
                        	at org.apache.maven.surefire.booter.SurefireBooter.runSuitesInProcess(SurefireBooter.java:334)
                        	at org.apache.maven.surefire.booter.SurefireBooter.main(SurefireBooter.java:980)
                     </pre>
                  </div>
               </td>
            </tr>
            <tr id="com.facl.uaf.core.main.ExecuteTest_tearDown_byClass_PASS3_row"
                class="testMethodStatusPASS testMethodStatusCONF">
               <td width="100%" class="firstMethodCell">
                  <a onclick="toggleDetailsVisibility('com.facl.uaf.core.main.ExecuteTest_tearDown_byClass_PASS3_details')">tearDown()</a>
               </td>
               <td nowrap="true">11:25:20</td>
               <td nowrap="true" align="right">437 ms
                  
               </td>
               <td nowrap="true">
                   
                  
               </td>
            </tr>
            <tr>
               <td colspan="4" class="detailsBox">
                  <div id="com.facl.uaf.core.main.ExecuteTest_tearDown_byClass_PASS3_details"
                       class="testMethodDetails">
                     <div>
                        <b>Name: </b>tearDown
                     </div>
                     <div>
                        <b>Description: </b>Tear down method to clean up the session after the tests are completed.
                     </div>
                     <div>
                        <b>Signature: </b>tearDown()
                     </div>
                     <div>
                        <b>Start time: </b>11:25:20
                     </div>
                     <div>
                        <b>End time: </b>11:25:21
                     </div>
                     <div>
                        <b>Duration: </b>437 ms
                        
                     </div>
                  </div>
               </td>
            </tr>
            <tr></tr>
         </table>
         <br></br>
      </div>
      <div style="margin-top: 15px; color: gray; text-align: center; font-size: 9px;">
         Generated with
         
         <a href="http://code.google.com/p/testng-xslt/" style="color: #8888aa;"
            target="_blank">
            TestNG XSLT
            
         </a>
      </div>
   </body>
</html>